[2017-05-18 22:39:02] Phone:13973285285 productid:887362
content:温馨提示：您已成功提交“快乐童真——六一儿童节活动”活动报名预约，请加客服微信号：dahai18570641431，及时了解活动成行动态。0731-85555817
return:2

[2017-05-18 22:43:52] Phone:13973285285 productid:887362
content:您已取消『快乐童真——六一儿童节活动』活动报名，活动次数将返还至您卡内。欢迎选择其他精彩好玩的亲子体验！
return:2

[2017-05-18 22:47:57] Phone:18008439720 productid:887362
content:您已取消『『军歌嘹亮』红星闪闪放光彩——亲子从军记』活动报名，报名费用将原路返还至您的付款账户。欢迎选择其他精彩好玩的亲子体验！
return:2

[2017-05-18 22:48:21] Phone:18008439720 productid:887362
content:您已取消『『军歌嘹亮』红星闪闪放光彩——亲子从军记』活动报名，报名费用将原路返还至您的付款账户。欢迎选择其他精彩好玩的亲子体验！
return:2

[2017-05-18 23:16:25] Phone:13973285285 productid:887362
content:温馨提示：您已成功提交“快乐童真——六一儿童节活动”活动报名预约，请加客服微信号：dahai18570641431，及时了解活动成行动态。0731-8555817
return:2

[2017-05-19 09:56:56] Phone:18711066715 productid:887362
content:温馨提示：您已成功提交“疯狂的石头—亲子手绘石头画”活动报名预约，请加客服微信号：dahai18570641431，及时了解活动成行动态。0731-8555817
return:1,201705190956589813

[2017-05-19 09:58:12] Phone:13973285285 productid:170519
content:温馨提示：您已成功提交“”活动报名预约，请加客服微信号：dahai18570641431，及时了解活动成行动态。0731-85555817
return:1,201705190958142399

[2017-05-19 09:59:07] Phone:15575805253 productid:887362
content:温馨提示：您已成功提交“神笔马良——亲子３Ｄ打印笔体验营”活动报名预约，请加客服微信号：dahai18570641431，及时了解活动成行动态。0731-8555817
return:1,201705190959092544

[2017-05-19 09:59:46] Phone:15575805253 productid:170519
content:
return:7

[2017-05-19 09:59:58] Phone:15575805253 productid:170519
content:
return:7

[2017-05-19 10:00:58] Phone:15575805253 productid:170519
content:您已取消『探索自我，笑口常开——我是小小牙医』活动报名，活动次数将返还至您卡内。欢迎选择其他精彩好玩的亲子体验！
return:1,201705191000592141

[2017-05-19 10:01:33] Phone:18711066715 productid:170519
content:
return:7

[2017-05-19 10:01:41] Phone:18711066715 productid:170519
content:
return:7

[2017-05-19 10:02:25] Phone:13973285285 productid:170519
content:
return:7

[2017-05-19 10:03:19] Phone:13973285285 productid:170519
content:温馨提示：您已成功提交“”活动报名预约，请加客服微信号：dahai18570641431，及时了解活动成行动态。0731-85555817
return:1,201705191003204178

[2017-05-19 10:05:17] Phone:13973285285 productid:170519
content:
return:7

[2017-05-19 10:06:03] Phone:13973285285 productid:887362
content:温馨提示：您已成功提交“疯狂的石头—亲子手绘石头画”活动报名预约，请加客服微信号：dahai18570641431，及时了解活动成行动态。0731-8555817
return:1,201705191006054722

[2017-05-19 10:07:13] Phone:13973285285 productid:170519
content:
return:7

[2017-05-19 10:07:56] Phone:13973285285 productid:170519
content:温馨提示：您已成功提交“”活动报名预约，请加客服微信号：dahai18570641431，及时了解活动成行动态。0731-85555817
return:1,201705191007578336

[2017-05-19 10:09:25] Phone:13973285285 productid:170519
content:
return:7

[2017-05-19 10:09:37] Phone:13973285285 productid:170519
content:温馨提示：您已成功提交“”活动报名预约，请加客服微信号：dahai18570641431，及时了解活动成行动态。0731-85555817
return:1,201705191009392531

[2017-05-19 10:10:34] Phone:13973285285 productid:170519
content:
return:7

[2017-05-19 10:10:44] Phone:13973285285 productid:170519
content:温馨提示：您已成功提交“”活动报名预约，请加客服微信号：dahai18570641431，及时了解活动成行动态。0731-85555817
return:1,201705191010465371

[2017-05-19 10:11:05] Phone:18570341431 productid:676767
content:您的短信验证码是：527450，请勿将验证码提供给他人，有效期30分钟。
return:1,201705191011076673

[2017-05-19 10:11:22] Phone:18570341431 productid:170519
content:温馨提示：您已成功提交“”活动报名预约，请加客服微信号：dahai18570641431，及时了解活动成行动态。0731-85555817
return:1,201705191011235854

[2017-05-19 10:11:57] Phone:18570341431 productid:170519
content:温馨提示：您已成功提交“”活动报名预约，请加客服微信号：dahai18570641431，及时了解活动成行动态。0731-85555817
return:1,201705191011593976

[2017-05-19 10:12:55] Phone:18570341431 productid:170519
content:温馨提示：您已成功提交“”活动报名预约，请加客服微信号：dahai18570641431，及时了解活动成行动态。0731-85555817
return:1,201705191012567432

[2017-05-19 10:14:21] Phone:13973285285 productid:170519
content:
return:7

[2017-05-19 10:14:44] Phone:13973285285 productid:170519
content:您已取消『金色年华——疯孩子的自然农夫』活动报名，活动次数将返还至您卡内。欢迎选择其他精彩好玩的亲子体验！
return:1,201705191014457041

[2017-05-19 10:15:51] Phone:13973285285 productid:170519
content:温馨提示：您已成功提交“疯狂的石头—亲子手绘石头画”活动报名预约，请加客服微信号：dahai18570641431，及时了解活动成行动态。0731-8555817
return:1,201705191015525547

[2017-05-19 10:16:11] Phone:13973285285 productid:170519
content:
return:7

[2017-05-19 10:17:23] Phone:18711066715 productid:170519
content:温馨提示：您已成功提交“疯狂的石头—亲子手绘石头画”活动报名预约，请加客服微信号：dahai18570641431，及时了解活动成行动态。0731-8555817
return:1,201705191017243514

[2017-05-19 10:19:31] Phone:13973285285 productid:170519
content:温馨提示：您已成功提交“疯狂的石头—亲子手绘石头画”活动报名预约，请加客服微信号：dahai18570641431，及时了解活动成行动态。0731-8555817
return:1,201705191019358375

[2017-05-19 10:19:37] Phone:13973285285 productid:170519
content:
return:7

[2017-05-19 10:22:44] Phone:13973285285 productid:170519
content:温馨提示：您已成功提交“疯狂的石头—亲子手绘石头画”活动报名预约，请加客服微信号：dahai18570641431，及时了解活动成行动态。0731-8555817
return:1,201705191022468312

[2017-05-19 10:22:59] Phone:13973285285 productid:170519
content:您已取消『疯狂的石头—亲子手绘石头画』活动报名，活动次数将返还至您卡内。欢迎选择其他精彩好玩的亲子体验！
return:1,201705191023009982

[2017-05-19 10:23:27] Phone:18570341431 productid:170519
content:温馨提示：您已成功提交“疯狂的石头—亲子手绘石头画”活动报名预约，请加客服微信号：dahai18570641431，及时了解活动成行动态。0731-8555817
return:1,201705191023283590

[2017-05-19 10:27:41] Phone:13973285285 productid:170519
content:温馨提示：您已成功提交“疯狂的石头—亲子手绘石头画”活动报名预约，请加客服微信号：dahai18570641431，及时了解活动成行动态。0731-8555817
return:1,201705191027431416

[2017-05-19 10:27:51] Phone:13973285285 productid:170519
content:您已取消『疯狂的石头—亲子手绘石头画』活动报名，活动次数将返还至您卡内。欢迎选择其他精彩好玩的亲子体验！
return:1,201705191027529273

[2017-05-19 10:29:28] Phone:13378050323 productid:676767
content:您的短信验证码是：691888，请勿将验证码提供给他人，有效期30分钟。
return:1,201705191029294839

[2017-05-19 10:29:50] Phone:13378050323 productid:170519
content:温馨提示：您已成功提交“疯狂的石头—亲子手绘石头画”活动报名预约，请加客服微信号：dahai18570641431，及时了解活动成行动态。0731-8555817
return:1,201705191029521446

[2017-05-19 10:30:58] Phone:13378050323 productid:170519
content:您已取消『疯狂的石头—亲子手绘石头画』活动报名，活动次数将返还至您卡内。欢迎选择其他精彩好玩的亲子体验！
return:1,201705191030598645

[2017-05-19 10:31:17] Phone:18570341431 productid:170519
content:温馨提示：您已成功提交“神笔马良——亲子３Ｄ打印笔体验营”活动报名预约，请加客服微信号：dahai18570641431，及时了解活动成行动态。0731-8555817
return:1,201705191031186217

[2017-05-19 10:48:02] Phone:18570341431 productid:170519
content:温馨提示：您已成功提交“小小飞行员——亲子滑翔机DIY”活动报名预约，请加客服微信号：dahai18570641431，及时了解活动成行动态。0731-8555817
return:1,201705191048037846

[2017-05-19 10:50:06] Phone:18570341431 productid:170519
content:温馨提示：您已成功提交“金色年华——疯孩子的自然农夫”活动报名预约，请加客服微信号：dahai18570641431，及时了解活动成行动态。0731-85555817
return:1,201705191050070005

[2017-05-19 10:54:09] Phone:18570341431 productid:170519
content:温馨提示：您已成功提交“星空之夜——月亮湾星空露营亲子游”活动报名预约，请加客服微信号：dahai18570641431，及时了解活动成行动态。0731-8555817
return:1,201705191054117518

[2017-05-19 10:54:59] Phone:18570341431 productid:170519
content:温馨提示：您已成功提交“运动小健将——美式橄榄球”活动报名预约，请加客服微信号：dahai18570641431，及时了解活动成行动态。0731-85555817
return:1,201705191055011082

[2017-05-19 10:55:50] Phone:18570341431 productid:170519
content:温馨提示：您已成功提交“空中芭蕾——蹦床运动体验”活动报名预约，请加客服微信号：dahai18570641431，及时了解活动成行动态。0731-8555817
return:1,201705191055513463

[2017-05-19 10:56:39] Phone:18570341431 productid:170519
content:温馨提示：您已成功提交“小小高球手——亲子GOLF体验”活动报名预约，请加客服微信号：dahai18570641431，及时了解活动成行动态。0731-8555817
return:1,201705191056418774

[2017-05-19 10:56:39] Phone:13973285285 productid:170519
content:温馨提示：您已成功提交“疯狂的石头—亲子手绘石头画”活动报名预约，请加客服微信号：dahai18570641431，及时了解活动成行动态。0731-8555817
return:1,201705191056418842

[2017-05-19 10:57:05] Phone:13973285285 productid:170519
content:您已取消『疯狂的石头—亲子手绘石头画』活动报名，活动次数将返还至您卡内。欢迎选择其他精彩好玩的亲子体验！
return:1,201705191057065474

[2017-05-19 10:58:08] Phone:18570341431 productid:170519
content:您已取消『金色年华——疯孩子的自然农夫』活动报名，活动次数将返还至您卡内。欢迎选择其他精彩好玩的亲子体验！
return:1,201705191058094475

[2017-05-19 11:02:19] Phone:15575805253 productid:170519
content:温馨提示：您已成功提交“疯狂的石头—亲子手绘石头画”活动报名预约，请加客服微信号：dahai18570641431，及时了解活动成行动态。0731-8555817
return:1,201705191102202364

[2017-05-19 11:02:34] Phone:15575805253 productid:170519
content:您已取消『疯狂的石头—亲子手绘石头画』活动报名，活动次数将返还至您卡内。欢迎选择其他精彩好玩的亲子体验！
return:1,201705191102350468

[2017-05-19 11:03:58] Phone:15575805253 productid:170519
content:温馨提示：您已成功提交“神笔马良——亲子３Ｄ打印笔体验营”活动报名预约，请加客服微信号：dahai18570641431，及时了解活动成行动态。0731-85555817
return:1,201705191103599862

[2017-05-19 11:04:14] Phone:15575805253 productid:170519
content:您已取消『神笔马良——亲子３Ｄ打印笔体验营』活动报名，活动次数将返还至您卡内。欢迎选择其他精彩好玩的亲子体验！
return:1,201705191104156137

[2017-05-19 11:08:15] Phone:15575805253 productid:170519
content:温馨提示：您已成功提交“神笔马良——亲子３Ｄ打印笔体验营”活动报名预约，请加客服微信号：dahai18570641431，及时了解活动成行动态。0731-8555817
return:1,201705191108161602

[2017-05-19 11:19:05] Phone:18711066715 productid:170519
content:温馨提示：您已成功提交“神笔马良——亲子３Ｄ打印笔体验营”活动报名预约，请加客服微信号：dahai18570641431，及时了解活动成行动态。0731-8555817
return:1,201705191119075534

[2017-05-19 11:26:16] Phone:18570341431 productid:170519
content:您已取消『小小高球手——亲子GOLF体验』活动报名，活动次数将返还至您卡内。欢迎选择其他精彩好玩的亲子体验！
return:1,201705191126186425

[2017-05-19 11:29:04] Phone:18570341431 productid:170519
content:温馨提示：您已成功提交“金色年华——疯孩子的自然农夫”活动报名预约，请加客服微信号：dahai18570641431，及时了解活动成行动态。0731-85555817
return:1,201705191129053672

[2017-05-19 11:46:00] Phone:18570341431 productid:170519
content:您已取消『金色年华——疯孩子的自然农夫』活动报名，活动次数将返还至您卡内。欢迎选择其他精彩好玩的亲子体验！
return:1,201705191146037658

[2017-05-19 11:48:24] Phone:18570341431 productid:170519
content:温馨提示：您已成功提交“金色年华——疯孩子的自然农夫”活动报名预约，请加客服微信号：dahai18570641431，及时了解活动成行动态。0731-85555817
return:1,201705191148256549

[2017-05-19 11:49:46] Phone:18390906269 productid:170519
content:您已取消『『军歌嘹亮』红星闪闪放光彩——亲子从军记』活动报名，活动次数将返还至您卡内。欢迎选择其他精彩好玩的亲子体验！
return:1,201705191149474523

[2017-05-19 11:50:07] Phone:18570341431 productid:170519
content:温馨提示：您已成功提交“金色年华——疯孩子的自然农夫”活动报名预约，请加客服微信号：dahai18570641431，及时了解活动成行动态。0731-8555817
return:1,201705191150091986

[2017-05-19 11:50:12] Phone:18570341431 productid:170519
content:您已取消『金色年华——疯孩子的自然农夫』活动报名，活动次数将返还至您卡内。欢迎选择其他精彩好玩的亲子体验！
return:1,201705191150134245

[2017-05-19 11:50:41] Phone:18390906269 productid:170519
content:温馨提示：您已成功提交“疯狂的石头—亲子手绘石头画”活动报名预约，请加客服微信号：dahai18570641431，及时了解活动成行动态。0731-8555817
return:1,201705191150431101

[2017-05-19 11:50:58] Phone:18570341431 productid:170519
content:温馨提示：您已成功提交“金色年华——疯孩子的自然农夫”活动报名预约，请加客服微信号：dahai18570641431，及时了解活动成行动态。0731-85555817
return:1,201705191150597209

[2017-05-19 12:06:31] Phone:18390906269 productid:170519
content:您已取消『疯狂的石头—亲子手绘石头画』活动报名，活动次数将返还至您卡内。欢迎选择其他精彩好玩的亲子体验！
return:1,201705191206324877

[2017-05-19 12:07:04] Phone:18390906269 productid:170519
content:温馨提示：您已成功提交“疯狂的石头—亲子手绘石头画”活动报名预约，请加客服微信号：dahai18570641431，及时了解活动成行动态。0731-85555817
return:1,201705191207069348

[2017-05-19 12:56:00] Phone:18008439720 productid:170519
content:温馨提示：您已成功提交“神笔马良——亲子３Ｄ打印笔体验营”活动报名预约，请加客服微信号：dahai18570641431，及时了解活动成行动态。0731-8555817
return:1,201705191256032172

[2017-05-19 12:59:37] Phone:18008439720 productid:170519
content:您已取消『神笔马良——亲子３Ｄ打印笔体验营』活动报名，活动次数将返还至您卡内。欢迎选择其他精彩好玩的亲子体验！
return:1,201705191259386213

[2017-05-19 17:39:43] Phone:13973285285 productid:170519
content:温馨提示：您已成功提交“快乐童真——六一儿童节活动”活动报名预约，请加客服微信号：dahai18570641431，及时了解活动成行动态。0731-85555817
return:1,201705191739461355

[2017-05-19 17:40:32] Phone:13973285285 productid:170519
content:您已取消『快乐童真——六一儿童节活动』活动报名，活动次数将返还至您卡内。欢迎选择其他精彩好玩的亲子体验！
return:1,201705191740332581

[2017-05-23 16:41:56] Phone:15575805253 productid:170519
content:温馨提示：您已成功提交“五彩世界——草木染亲子DIY体验营”活动报名预约，请加客服微信号：dahai18570641431，及时了解活动成行动态。0731-8555817
return:1,201705231641584617

[2017-05-23 16:42:20] Phone:15575805253 productid:170519
content:您已取消『五彩世界——草木染亲子DIY体验营』活动报名，活动次数将返还至您卡内。欢迎选择其他精彩好玩的亲子体验！
return:1,201705231642227459

[2017-05-23 16:43:02] Phone:15575805253 productid:170519
content:您已取消『神笔马良——亲子３Ｄ打印笔体验营』活动报名，活动次数将返还至您卡内。欢迎选择其他精彩好玩的亲子体验！
return:1,201705231643036211

[2017-05-26 19:44:51] Phone:15116126818 productid:170519
content:温馨提示：您已成功提交“运动小健将——美式橄榄球”活动报名预约，请加客服微信号：dahai18570641431，及时了解活动成行动态。0731-85555817
return:1,201705261944536726

[2017-05-26 19:46:09] Phone:15116126818 productid:170519
content:温馨提示：您已成功提交“运动小健将——美式橄榄球”活动报名预约，请加客服微信号：dahai18570641431，及时了解活动成行动态。0731-8555817
return:2

[2017-05-26 19:46:16] Phone:15116126818 productid:170519
content:温馨提示：您已成功提交“运动小健将——美式橄榄球”活动报名预约，请加客服微信号：dahai18570641431，及时了解活动成行动态。0731-8555817
return:2

[2017-05-26 19:47:29] Phone:18607319205 productid:170519
content:温馨提示：您已成功提交“五彩世界——草木染亲子DIY体验营”活动报名预约，请加客服微信号：dahai18570641431，及时了解活动成行动态。0731-8555817
return:2

[2017-05-26 19:47:56] Phone:18607319205 productid:170519
content:温馨提示：您已成功提交“珍藏自然之美——亲子压花艺术创作”活动报名预约，请加客服微信号：dahai18570641431，及时了解活动成行动态。0731-8555817
return:2

[2017-05-26 19:48:24] Phone:18607319205 productid:170519
content:温馨提示：您已成功提交“疯狂的石头——亲子手绘石头画”活动报名预约，请加客服微信号：dahai18570641431，及时了解活动成行动态。0731-8555817
return:2

[2017-05-26 19:48:31] Phone:15116126818 productid:170519
content:温馨提示：您已成功提交“神笔马良——亲子３Ｄ打印笔体验营”活动报名预约，请加客服微信号：dahai18570641431，及时了解活动成行动态。0731-8555817
return:2

[2017-05-26 19:48:41] Phone:18229852077 productid:676767
content:您的短信验证码是：481033，请勿将验证码提供给他人，有效期30分钟。
return:2

[2017-05-26 19:48:53] Phone:18607319205 productid:170519
content:温馨提示：您已成功提交“工匠精神——未来小鲁班亲子木筷DIY制作”活动报名预约，请加客服微信号：dahai18570641431，及时了解活动成行动态。0731-8555817
return:2

[2017-05-26 19:49:11] Phone:18229852077 productid:676767
content:您的短信验证码是：755883，请勿将验证码提供给他人，有效期30分钟。
return:2

[2017-05-26 19:49:12] Phone:15116126818 productid:170519
content:温馨提示：您已成功提交“小小飞行员——亲子滑翔机DIY”活动报名预约，请加客服微信号：dahai18570641431，及时了解活动成行动态。0731-85555817
return:2

[2017-05-26 19:49:51] Phone:15116126818 productid:170519
content:温馨提示：您已成功提交“疯狂的石头——亲子手绘石头画”活动报名预约，请加客服微信号：dahai18570641431，及时了解活动成行动态。0731-8555817
return:2

[2017-05-26 19:50:45] Phone:18229852077 productid:676767
content:您的短信验证码是：801339，请勿将验证码提供给他人，有效期30分钟。
return:2

[2017-05-26 19:52:24] Phone:18607319205 productid:170519
content:温馨提示：您已成功提交“神笔马良——亲子３Ｄ打印笔体验营”活动报名预约，请加客服微信号：dahai18570641431，及时了解活动成行动态。0731-8555817
return:2

[2017-05-26 19:52:52] Phone:18607319205 productid:170519
content:温馨提示：您已成功提交“小小飞行员——亲子滑翔机DIY”活动报名预约，请加客服微信号：dahai18570641431，及时了解活动成行动态。0731-8555817
return:2

[2017-05-26 19:53:21] Phone:18607319205 productid:170519
content:温馨提示：您已成功提交“金色年华——疯孩子的自然农夫”活动报名预约，请加客服微信号：dahai18570641431，及时了解活动成行动态。0731-8555817
return:2

[2017-05-26 19:57:48] Phone:18229852077 productid:676767
content:您的短信验证码是：736657，请勿将验证码提供给他人，有效期30分钟。
return:2

[2017-05-26 19:58:13] Phone:18607319205 productid:170519
content:温馨提示：您已成功提交“时尚达人——天才设计师礼服制作亲子体验”活动报名预约，请加客服微信号：dahai18570641431，及时了解活动成行动态。0731-8555817
return:2

[2017-05-26 19:59:12] Phone:18673106571 productid:676767
content:您的短信验证码是：402233，请勿将验证码提供给他人，有效期30分钟。
return:2

[2017-05-26 19:59:23] Phone:18673106571 productid:676767
content:您的短信验证码是：388446，请勿将验证码提供给他人，有效期30分钟。
return:2

[2017-05-26 20:00:49] Phone:18229852077 productid:676767
content:您的短信验证码是：368313，请勿将验证码提供给他人，有效期30分钟。
return:2

[2017-05-26 20:01:42] Phone:18229852077 productid:676767
content:您的短信验证码是：816006，请勿将验证码提供给他人，有效期30分钟。
return:2

[2017-05-26 20:01:53] Phone:18229852077 productid:676767
content:您的短信验证码是：643164，请勿将验证码提供给他人，有效期30分钟。
return:2

[2017-05-26 20:01:54] Phone:18229852077 productid:676767
content:您的短信验证码是：243948，请勿将验证码提供给他人，有效期30分钟。
return:2

[2017-05-26 20:03:00] Phone:18711066715 productid:170519
content:温馨提示：您已成功提交“工匠精神——未来小鲁班亲子木筷DIY制作”活动报名预约，请加客服微信号：dahai18570641431，及时了解活动成行动态。0731-8555817
return:2

[2017-05-26 20:03:10] Phone:18711066715 productid:170519
content:您已取消『工匠精神——未来小鲁班亲子木筷DIY制作』活动报名，活动次数将返还至您卡内。欢迎选择其他精彩好玩的亲子体验！
return:2

[2017-05-26 20:03:15] Phone:18711066715 productid:170519
content:您已取消『神笔马良——亲子３Ｄ打印笔体验营』活动报名，活动次数将返还至您卡内。欢迎选择其他精彩好玩的亲子体验！
return:2

[2017-05-26 20:03:21] Phone:18711066715 productid:170519
content:您已取消『疯狂的石头——亲子手绘石头画』活动报名，活动次数将返还至您卡内。欢迎选择其他精彩好玩的亲子体验！
return:2

[2017-05-26 20:03:55] Phone:18711066715 productid:170519
content:温馨提示：您已成功提交“工匠精神——未来小鲁班亲子木筷DIY制作”活动报名预约，请加客服微信号：dahai18570641431，及时了解活动成行动态。0731-8555817
return:2

[2017-05-26 20:03:57] Phone:18673106571 productid:676767
content:您的短信验证码是：763024，请勿将验证码提供给他人，有效期30分钟。
return:2

[2017-05-26 20:03:59] Phone:18229852077 productid:676767
content:您的短信验证码是：807135，请勿将验证码提供给他人，有效期30分钟。
return:2

[2017-05-26 20:04:10] Phone:18711066715 productid:170519
content:您已取消『工匠精神——未来小鲁班亲子木筷DIY制作』活动报名，活动次数将返还至您卡内。欢迎选择其他精彩好玩的亲子体验！
return:2

[2017-05-26 20:04:37] Phone:15001094578 productid:676767
content:您的短信验证码是：436154，请勿将验证码提供给他人，有效期30分钟。
return:2

[2017-05-26 20:04:40] Phone:18711066715 productid:170519
content:温馨提示：您已成功提交“工匠精神——未来小鲁班亲子木筷DIY制作”活动报名预约，请加客服微信号：dahai18570641431，及时了解活动成行动态。0731-8555817
return:2

[2017-05-26 20:05:05] Phone:18229852077 productid:676767
content:您的短信验证码是：876980，请勿将验证码提供给他人，有效期30分钟。
return:2

[2017-05-26 20:05:26] Phone:15116126818 productid:170519
content:温馨提示：您已成功提交“金色年华——疯孩子的自然农夫”活动报名预约，请加客服微信号：dahai18570641431，及时了解活动成行动态。0731-8555817
return:2

[2017-05-26 20:05:38] Phone:18229852077 productid:676767
content:您的短信验证码是：977890，请勿将验证码提供给他人，有效期30分钟。
return:2

[2017-05-26 20:06:28] Phone:18711066715 productid:170519
content:温馨提示：您已成功提交“开心农场——感受亲子蔬菜种植采摘乐趣”活动报名预约，请加客服微信号：dahai18570641431，及时了解活动成行动态。0731-8555817
return:2

[2017-05-26 20:06:34] Phone:18229852077 productid:676767
content:您的短信验证码是：588809，请勿将验证码提供给他人，有效期30分钟。
return:2

[2017-05-26 20:08:17] Phone:18229852077 productid:676767
content:您的短信验证码是：871185，请勿将验证码提供给他人，有效期30分钟。
return:2

[2017-05-26 20:08:42] Phone:18229852077 productid:676767
content:您的短信验证码是：661456，请勿将验证码提供给他人，有效期30分钟。
return:2

[2017-05-26 20:09:00] Phone:18229852077 productid:676767
content:您的短信验证码是：826388，请勿将验证码提供给他人，有效期30分钟。
return:2

[2017-05-26 20:09:02] Phone:18673106571 productid:676767
content:您的短信验证码是：445135，请勿将验证码提供给他人，有效期30分钟。
return:2

[2017-05-26 20:09:08] Phone:13378050323 productid:170519
content:温馨提示：您已成功提交“珍藏自然之美——亲子压花艺术创作”活动报名预约，请加客服微信号：dahai18570641431，及时了解活动成行动态。0731-8555817
return:2

[2017-05-26 20:09:29] Phone:18229852077 productid:676767
content:您的短信验证码是：306433，请勿将验证码提供给他人，有效期30分钟。
return:2

[2017-05-26 20:09:35] Phone:13378050323 productid:170519
content:温馨提示：您已成功提交“五彩世界——草木染亲子DIY体验营”活动报名预约，请加客服微信号：dahai18570641431，及时了解活动成行动态。0731-8555817
return:2

[2017-05-26 20:09:39] Phone:18607319205 productid:170519
content:温馨提示：您已成功提交“空中芭蕾——蹦床运动体验”活动报名预约，请加客服微信号：dahai18570641431，及时了解活动成行动态。0731-8555817
return:2

[2017-05-26 20:09:51] Phone:13378050323 productid:170519
content:温馨提示：您已成功提交“疯狂的石头——亲子手绘石头画”活动报名预约，请加客服微信号：dahai18570641431，及时了解活动成行动态。0731-8555817
return:2

[2017-05-26 20:10:57] Phone:18229852077 productid:676767
content:您的短信验证码是：541979，请勿将验证码提供给他人，有效期30分钟。
return:2

[2017-05-26 20:11:18] Phone:18229852077 productid:676767
content:您的短信验证码是：762338，请勿将验证码提供给他人，有效期30分钟。
return:2

[2017-05-26 20:11:38] Phone:18229852077 productid:676767
content:您的短信验证码是：704248，请勿将验证码提供给他人，有效期30分钟。
return:2

[2017-05-26 20:11:54] Phone:18229852077 productid:676767
content:您的短信验证码是：827102，请勿将验证码提供给他人，有效期30分钟。
return:2

[2017-05-26 20:12:11] Phone:18229852077 productid:676767
content:您的短信验证码是：479193，请勿将验证码提供给他人，有效期30分钟。
return:2

[2017-05-26 20:12:32] Phone:18229852077 productid:676767
content:您的短信验证码是：123922，请勿将验证码提供给他人，有效期30分钟。
return:2

[2017-05-26 20:12:47] Phone:18229852077 productid:676767
content:您的短信验证码是：399240，请勿将验证码提供给他人，有效期30分钟。
return:2

[2017-05-26 20:12:59] Phone:18229852077 productid:676767
content:您的短信验证码是：990029，请勿将验证码提供给他人，有效期30分钟。
return:2

[2017-05-26 20:13:10] Phone:18229852077 productid:676767
content:您的短信验证码是：782800，请勿将验证码提供给他人，有效期30分钟。
return:2

[2017-05-26 20:15:05] Phone:18229852077 productid:676767
content:您的短信验证码是：220547，请勿将验证码提供给他人，有效期30分钟。
return:2

[2017-05-26 20:15:20] Phone:18229852077 productid:676767
content:您的短信验证码是：637890，请勿将验证码提供给他人，有效期30分钟。
return:2

[2017-05-26 20:15:33] Phone:18229852077 productid:676767
content:您的短信验证码是：126504，请勿将验证码提供给他人，有效期30分钟。
return:2

[2017-05-26 20:15:48] Phone:18229852077 productid:676767
content:您的短信验证码是：670245，请勿将验证码提供给他人，有效期30分钟。
return:2

[2017-05-26 20:16:26] Phone:18229852077 productid:676767
content:您的短信验证码是：593038，请勿将验证码提供给他人，有效期30分钟。
return:1,201705262016271174

[2017-05-26 20:16:42] Phone:18229852077 productid:170519
content:温馨提示：您已成功提交“疯狂的石头——亲子手绘石头画”活动报名预约，请加客服微信号：dahai18570641431，及时了解活动成行动态。0731-8555817
return:1,201705262016437815

[2017-05-26 20:19:04] Phone:18229852077 productid:170519
content:温馨提示：您已成功提交“开心农场——感受亲子蔬菜种植采摘乐趣”活动报名预约，请加客服微信号：dahai18570641431，及时了解活动成行动态。0731-8555817
return:1,201705262019060620

[2017-05-26 20:19:57] Phone:18673175648 productid:676767
content:您的短信验证码是：994424，请勿将验证码提供给他人，有效期30分钟。
return:1,201705262019596623

[2017-05-26 20:20:38] Phone:18229852077 productid:170519
content:温馨提示：您已成功提交“开心农场——感受亲子蔬菜种植采摘乐趣”活动报名预约，请加客服微信号：dahai18570641431，及时了解活动成行动态。0731-8555817
return:1,201705262020407233

[2017-05-26 20:20:54] Phone:18229852077 productid:170519
content:温馨提示：您已成功提交“开心农场——感受亲子蔬菜种植采摘乐趣”活动报名预约，请加客服微信号：dahai18570641431，及时了解活动成行动态。0731-8555817
return:1,201705262020565082

[2017-05-26 20:21:11] Phone:18229852077 productid:170519
content:温馨提示：您已成功提交“开心农场——感受亲子蔬菜种植采摘乐趣”活动报名预约，请加客服微信号：dahai18570641431，及时了解活动成行动态。0731-8555817
return:1,201705262021138843

[2017-05-26 20:21:22] Phone:18229852077 productid:170519
content:温馨提示：您已成功提交“开心农场——感受亲子蔬菜种植采摘乐趣”活动报名预约，请加客服微信号：dahai18570641431，及时了解活动成行动态。0731-8555817
return:1,201705262021230263

[2017-05-26 20:21:33] Phone:18229852077 productid:170519
content:温馨提示：您已成功提交“开心农场——感受亲子蔬菜种植采摘乐趣”活动报名预约，请加客服微信号：dahai18570641431，及时了解活动成行动态。0731-8555817
return:1,201705262021355176

[2017-05-26 20:23:47] Phone:18229852077 productid:170519
content:温馨提示：您已成功提交“开心农场——感受亲子蔬菜种植采摘乐趣”活动报名预约，请加客服微信号：dahai18570641431，及时了解活动成行动态。0731-8555817
return:1,201705262023485739

[2017-05-26 20:23:54] Phone:18229852077 productid:170519
content:温馨提示：您已成功提交“开心农场——感受亲子蔬菜种植采摘乐趣”活动报名预约，请加客服微信号：dahai18570641431，及时了解活动成行动态。0731-8555817
return:1,201705262023566594

[2017-05-26 20:24:23] Phone:18229852077 productid:170519
content:温馨提示：您已成功提交“开心农场——感受亲子蔬菜种植采摘乐趣”活动报名预约，请加客服微信号：dahai18570641431，及时了解活动成行动态。0731-8555817
return:1,201705262024252983

[2017-05-26 20:24:36] Phone:18229852077 productid:170519
content:温馨提示：您已成功提交“开心农场——感受亲子蔬菜种植采摘乐趣”活动报名预约，请加客服微信号：dahai18570641431，及时了解活动成行动态。0731-8555817
return:1,201705262024387433

[2017-05-26 20:26:44] Phone:13789168551 productid:676767
content:您的短信验证码是：988656，请勿将验证码提供给他人，有效期30分钟。
return:1,201705262026451918

[2017-05-26 20:27:21] Phone:13789168551 productid:170519
content:温馨提示：您已成功提交“疯狂的石头——亲子手绘石头画”活动报名预约，请加客服微信号：dahai18570641431，及时了解活动成行动态。0731-8555817
return:1,201705262027221348

[2017-05-26 20:28:11] Phone:18773927602 productid:676767
content:您的短信验证码是：135705，请勿将验证码提供给他人，有效期30分钟。
return:1,201705262028138675

[2017-05-26 20:28:53] Phone:18773927602 productid:170519
content:温馨提示：您已成功提交“小小飞行员——亲子滑翔机DIY”活动报名预约，请加客服微信号：dahai18570641431，及时了解活动成行动态。0731-85555817
return:1,201705262028544137

[2017-05-26 20:31:03] Phone:18673175648 productid:170519
content:温馨提示：您已成功提交“黑夜小侦探——探索自然密码”活动报名预约，请加客服微信号：dahai18570641431，及时了解活动成行动态。0731-85555817
return:1,201705262031056845

[2017-05-26 20:31:53] Phone:18773927602 productid:170519
content:温馨提示：您已成功提交“小小飞行员——亲子滑翔机DIY”活动报名预约，请加客服微信号：dahai18570641431，及时了解活动成行动态。0731-85555817
return:1,201705262031554464

[2017-05-26 21:26:11] Phone:18607319205 productid:170519
content:温馨提示：您已成功提交“星空之夜——月亮湾星空露营亲子游”活动报名预约，请加客服微信号：dahai18570641431，及时了解活动成行动态。0731-8555817
return:1,201705262126133767

[2017-05-26 23:27:50] Phone:13017397011 productid:676767
content:您的短信验证码是：964184，请勿将验证码提供给他人，有效期30分钟。
return:1,201705262327543576

[2017-05-26 23:28:13] Phone:13017397011 productid:170519
content:温馨提示：您已成功提交“小小飞行员——亲子滑翔机DIY”活动报名预约，请加客服微信号：dahai18570641431，及时了解活动成行动态。0731-85555817
return:1,201705262328159812

[2017-05-26 23:28:26] Phone:13017397011 productid:170519
content:温馨提示：您已成功提交“小小飞行员——亲子滑翔机DIY”活动报名预约，请加客服微信号：dahai18570641431，及时了解活动成行动态。0731-85555817
return:1,201705262328279445

[2017-05-27 00:13:08] Phone:15111343935 productid:676767
content:您的短信验证码是：397949，请勿将验证码提供给他人，有效期30分钟。
return:1,201705270013158131

[2017-05-27 00:13:38] Phone:15111343935 productid:170519
content:温馨提示：您已成功提交“神笔马良——亲子３Ｄ打印笔体验营”活动报名预约，请加客服微信号：dahai18570641431，及时了解活动成行动态。0731-8555817
return:1,201705270013404646

[2017-05-27 00:28:34] Phone:15575805253 productid:170519
content:温馨提示：您已成功提交“工匠精神——未来小鲁班亲子木筷DIY制作”活动报名预约，请加客服微信号：dahai18570641431，及时了解活动成行动态。0731-8555817
return:1,201705270028362404

[2017-05-27 00:29:32] Phone:15575805253 productid:170519
content:温馨提示：您已成功提交“工匠精神——未来小鲁班亲子木筷DIY制作”活动报名预约，请加客服微信号：dahai18570641431，及时了解活动成行动态。0731-8555817
return:1,201705270029343257

[2017-05-27 00:30:43] Phone:15575805253 productid:170519
content:温馨提示：您已成功提交“神笔马良——亲子３Ｄ打印笔体验营”活动报名预约，请加客服微信号：dahai18570641431，及时了解活动成行动态。0731-85555817
return:1,201705270030443328

[2017-05-27 00:31:09] Phone:15575805253 productid:170519
content:温馨提示：您已成功提交“小小飞行员——亲子滑翔机DIY”活动报名预约，请加客服微信号：dahai18570641431，及时了解活动成行动态。0731-85555817
return:1,201705270031111438

[2017-05-27 00:31:39] Phone:15575805253 productid:170519
content:温馨提示：您已成功提交“星空之夜——月亮湾星空露营亲子游”活动报名预约，请加客服微信号：dahai18570641431，及时了解活动成行动态。0731-85555817
return:1,201705270031416576

[2017-05-27 09:30:37] Phone:13378050323 productid:170519
content:温馨提示：您已成功提交“体育新生代——我是小小击剑手”活动报名预约，请加客服微信号：dahai18570641431，及时了解活动成行动态。0731-8555817
return:1,201705270930397417

[2017-05-27 09:30:51] Phone:13378050323 productid:170519
content:温馨提示：您已成功提交“体育新生代——我是小小击剑手”活动报名预约，请加客服微信号：dahai18570641431，及时了解活动成行动态。0731-8555817
return:1,201705270930532732

[2017-05-27 09:31:09] Phone:18229852077 productid:170519
content:温馨提示：您已成功提交“工匠精神——未来小鲁班亲子木筷DIY制作”活动报名预约，请加客服微信号：dahai18570641431，及时了解活动成行动态。0731-85555817
return:1,201705270931118875

[2017-05-27 09:31:26] Phone:18229852077 productid:170519
content:温馨提示：您已成功提交“工匠精神——未来小鲁班亲子木筷DIY制作”活动报名预约，请加客服微信号：dahai18570641431，及时了解活动成行动态。0731-85555817
return:1,201705270931283513

[2017-05-27 09:32:26] Phone:13378050323 productid:170519
content:温馨提示：您已成功提交“体育新生代——我是小小击剑手”活动报名预约，请加客服微信号：dahai18570641431，及时了解活动成行动态。0731-8555817
return:1,201705270932282842

[2017-05-27 09:33:40] Phone:18229852077 productid:170519
content:温馨提示：您已成功提交“运动小健将——美式橄榄球”活动报名预约，请加客服微信号：dahai18570641431，及时了解活动成行动态。0731-85555817
return:1,201705270933428538

[2017-05-27 09:34:02] Phone:18229858890 productid:676767
content:您的短信验证码是：919250，请勿将验证码提供给他人，有效期30分钟。
return:1,201705270934049182

[2017-05-27 09:34:27] Phone:18229852077 productid:170519
content:温馨提示：您已成功提交“运动小健将——美式橄榄球”活动报名预约，请加客服微信号：dahai18570641431，及时了解活动成行动态。0731-85555817
return:1,201705270934284531

[2017-05-27 09:35:40] Phone:18229858890 productid:170519
content:温馨提示：您已成功提交“工匠精神——未来小鲁班亲子木筷DIY制作”活动报名预约，请加客服微信号：dahai18570641431，及时了解活动成行动态。0731-8555817
return:1,201705270935421598

[2017-05-27 09:36:00] Phone:18711066715 productid:170519
content:温馨提示：您已成功提交“小小飞行员——亲子滑翔机DIY”活动报名预约，请加客服微信号：dahai18570641431，及时了解活动成行动态。0731-8555817
return:1,201705270936021473

[2017-05-27 09:36:01] Phone:18229858890 productid:170519
content:温馨提示：您已成功提交“工匠精神——未来小鲁班亲子木筷DIY制作”活动报名预约，请加客服微信号：dahai18570641431，及时了解活动成行动态。0731-8555817
return:1,201705270936035926

[2017-05-27 09:36:12] Phone:18229858890 productid:170519
content:温馨提示：您已成功提交“工匠精神——未来小鲁班亲子木筷DIY制作”活动报名预约，请加客服微信号：dahai18570641431，及时了解活动成行动态。0731-8555817
return:1,201705270936145888

[2017-05-27 09:39:38] Phone:18229858890 productid:170519
content:温馨提示：您已成功提交“神笔马良——亲子３Ｄ打印笔体验营”活动报名预约，请加客服微信号：dahai18570641431，及时了解活动成行动态。0731-8555817
return:1,201705270939403432

[2017-05-27 09:39:49] Phone:18229858890 productid:170519
content:温馨提示：您已成功提交“神笔马良——亲子３Ｄ打印笔体验营”活动报名预约，请加客服微信号：dahai18570641431，及时了解活动成行动态。0731-8555817
return:1,201705270939508515

[2017-05-27 13:34:41] Phone:18229852077 productid:170519
content:温馨提示：您已成功提交“工匠精神——未来小鲁班亲子木筷DIY制作”活动报名预约，请加客服微信号：dahai18570641431，及时了解活动成行动态。0731-8555817
return:1,201705271334433520

[2017-05-27 13:34:53] Phone:18229852077 productid:170519
content:温馨提示：您已成功提交“工匠精神——未来小鲁班亲子木筷DIY制作”活动报名预约，请加客服微信号：dahai18570641431，及时了解活动成行动态。0731-8555817
return:1,201705271334552826

[2017-05-27 13:35:04] Phone:18229852077 productid:170519
content:温馨提示：您已成功提交“工匠精神——未来小鲁班亲子木筷DIY制作”活动报名预约，请加客服微信号：dahai18570641431，及时了解活动成行动态。0731-8555817
return:1,201705271335051646

[2017-05-27 13:35:13] Phone:18229852077 productid:170519
content:温馨提示：您已成功提交“工匠精神——未来小鲁班亲子木筷DIY制作”活动报名预约，请加客服微信号：dahai18570641431，及时了解活动成行动态。0731-8555817
return:1,201705271335156823

[2017-05-27 13:35:28] Phone:18229852077 productid:170519
content:温馨提示：您已成功提交“工匠精神——未来小鲁班亲子木筷DIY制作”活动报名预约，请加客服微信号：dahai18570641431，及时了解活动成行动态。0731-8555817
return:1,201705271335296672

[2017-05-27 13:35:39] Phone:18229852077 productid:170519
content:温馨提示：您已成功提交“工匠精神——未来小鲁班亲子木筷DIY制作”活动报名预约，请加客服微信号：dahai18570641431，及时了解活动成行动态。0731-8555817
return:1,201705271335410355

[2017-05-27 13:35:51] Phone:18229852077 productid:170519
content:温馨提示：您已成功提交“工匠精神——未来小鲁班亲子木筷DIY制作”活动报名预约，请加客服微信号：dahai18570641431，及时了解活动成行动态。0731-8555817
return:1,201705271335538348

[2017-05-27 13:36:02] Phone:18229852077 productid:170519
content:温馨提示：您已成功提交“工匠精神——未来小鲁班亲子木筷DIY制作”活动报名预约，请加客服微信号：dahai18570641431，及时了解活动成行动态。0731-8555817
return:1,201705271336046601

[2017-05-27 13:36:13] Phone:18229852077 productid:170519
content:温馨提示：您已成功提交“工匠精神——未来小鲁班亲子木筷DIY制作”活动报名预约，请加客服微信号：dahai18570641431，及时了解活动成行动态。0731-8555817
return:1,201705271336159330

[2017-05-27 13:36:24] Phone:18229852077 productid:170519
content:温馨提示：您已成功提交“工匠精神——未来小鲁班亲子木筷DIY制作”活动报名预约，请加客服微信号：dahai18570641431，及时了解活动成行动态。0731-8555817
return:1,201705271336256119

[2017-05-27 13:36:42] Phone:18229852077 productid:170519
content:温馨提示：您已成功提交“工匠精神——未来小鲁班亲子木筷DIY制作”活动报名预约，请加客服微信号：dahai18570641431，及时了解活动成行动态。0731-8555817
return:1,201705271336431342

[2017-05-27 13:36:51] Phone:18229852077 productid:170519
content:温馨提示：您已成功提交“工匠精神——未来小鲁班亲子木筷DIY制作”活动报名预约，请加客服微信号：dahai18570641431，及时了解活动成行动态。0731-8555817
return:1,201705271336536226

[2017-05-27 13:37:51] Phone:18229852077 productid:170519
content:温馨提示：您已成功提交“工匠精神——未来小鲁班亲子木筷DIY制作”活动报名预约，请加客服微信号：dahai18570641431，及时了解活动成行动态。0731-8555817
return:1,201705271337535475

[2017-05-27 13:38:48] Phone:18229852077 productid:170519
content:温馨提示：您已成功提交“神笔马良——亲子３Ｄ打印笔体验营”活动报名预约，请加客服微信号：dahai18570641431，及时了解活动成行动态。0731-8555817
return:1,201705271338506548

[2017-05-27 13:39:04] Phone:18229852077 productid:170519
content:温馨提示：您已成功提交“神笔马良——亲子３Ｄ打印笔体验营”活动报名预约，请加客服微信号：dahai18570641431，及时了解活动成行动态。0731-8555817
return:1,201705271339064645

[2017-05-27 13:39:15] Phone:18229852077 productid:170519
content:温馨提示：您已成功提交“神笔马良——亲子３Ｄ打印笔体验营”活动报名预约，请加客服微信号：dahai18570641431，及时了解活动成行动态。0731-8555817
return:1,201705271339166577

[2017-05-27 13:39:25] Phone:18229852077 productid:170519
content:温馨提示：您已成功提交“神笔马良——亲子３Ｄ打印笔体验营”活动报名预约，请加客服微信号：dahai18570641431，及时了解活动成行动态。0731-8555817
return:1,201705271339264449

[2017-05-27 13:39:37] Phone:18229852077 productid:170519
content:温馨提示：您已成功提交“神笔马良——亲子３Ｄ打印笔体验营”活动报名预约，请加客服微信号：dahai18570641431，及时了解活动成行动态。0731-8555817
return:1,201705271339385394

[2017-05-27 13:39:46] Phone:18229852077 productid:170519
content:温馨提示：您已成功提交“神笔马良——亲子３Ｄ打印笔体验营”活动报名预约，请加客服微信号：dahai18570641431，及时了解活动成行动态。0731-8555817
return:1,201705271339483112

[2017-05-27 13:40:52] Phone:18229852077 productid:170519
content:温馨提示：您已成功提交“星空之夜——月亮湾星空露营亲子游”活动报名预约，请加客服微信号：dahai18570641431，及时了解活动成行动态。0731-8555817
return:1,201705271340546032

[2017-05-27 13:41:01] Phone:18229852077 productid:170519
content:温馨提示：您已成功提交“星空之夜——月亮湾星空露营亲子游”活动报名预约，请加客服微信号：dahai18570641431，及时了解活动成行动态。0731-8555817
return:1,201705271341036420

[2017-05-27 13:41:10] Phone:18229852077 productid:170519
content:温馨提示：您已成功提交“星空之夜——月亮湾星空露营亲子游”活动报名预约，请加客服微信号：dahai18570641431，及时了解活动成行动态。0731-8555817
return:1,201705271341129845

[2017-05-27 13:41:24] Phone:18229852077 productid:170519
content:温馨提示：您已成功提交“星空之夜——月亮湾星空露营亲子游”活动报名预约，请加客服微信号：dahai18570641431，及时了解活动成行动态。0731-8555817
return:1,201705271341267819

[2017-05-27 13:41:35] Phone:18229852077 productid:170519
content:温馨提示：您已成功提交“星空之夜——月亮湾星空露营亲子游”活动报名预约，请加客服微信号：dahai18570641431，及时了解活动成行动态。0731-8555817
return:1,201705271341374127

[2017-05-27 13:41:45] Phone:18229852077 productid:170519
content:温馨提示：您已成功提交“星空之夜——月亮湾星空露营亲子游”活动报名预约，请加客服微信号：dahai18570641431，及时了解活动成行动态。0731-8555817
return:1,201705271341474833

[2017-05-27 13:41:54] Phone:18229852077 productid:170519
content:温馨提示：您已成功提交“星空之夜——月亮湾星空露营亲子游”活动报名预约，请加客服微信号：dahai18570641431，及时了解活动成行动态。0731-8555817
return:1,201705271341555967

[2017-05-27 13:43:47] Phone:18229852077 productid:170519
content:温馨提示：您已成功提交“运动小健将——美式橄榄球”活动报名预约，请加客服微信号：dahai18570641431，及时了解活动成行动态。0731-85555817
return:1,201705271343506181

[2017-05-27 13:44:07] Phone:18229852077 productid:170519
content:温馨提示：您已成功提交“运动小健将——美式橄榄球”活动报名预约，请加客服微信号：dahai18570641431，及时了解活动成行动态。0731-85555817
return:1,201705271344081766

[2017-05-27 13:44:19] Phone:18229852077 productid:170519
content:温馨提示：您已成功提交“运动小健将——美式橄榄球”活动报名预约，请加客服微信号：dahai18570641431，及时了解活动成行动态。0731-85555817
return:1,201705271344219315

[2017-05-27 13:44:35] Phone:18229852077 productid:170519
content:温馨提示：您已成功提交“运动小健将——美式橄榄球”活动报名预约，请加客服微信号：dahai18570641431，及时了解活动成行动态。0731-85555817
return:1,201705271344371118

[2017-05-27 13:44:50] Phone:18229852077 productid:170519
content:温馨提示：您已成功提交“运动小健将——美式橄榄球”活动报名预约，请加客服微信号：dahai18570641431，及时了解活动成行动态。0731-85555817
return:1,201705271344514624

[2017-05-27 13:45:10] Phone:18229852077 productid:170519
content:温馨提示：您已成功提交“空中芭蕾——蹦床运动体验”活动报名预约，请加客服微信号：dahai18570641431，及时了解活动成行动态。0731-8555817
return:1,201705271345125381

[2017-05-27 13:45:25] Phone:18229852077 productid:170519
content:温馨提示：您已成功提交“空中芭蕾——蹦床运动体验”活动报名预约，请加客服微信号：dahai18570641431，及时了解活动成行动态。0731-8555817
return:1,201705271345264311

[2017-05-27 13:46:04] Phone:18229852077 productid:170519
content:温馨提示：您已成功提交“体育新生代——我是小小击剑手”活动报名预约，请加客服微信号：dahai18570641431，及时了解活动成行动态。0731-8555817
return:1,201705271346068385

[2017-05-27 13:46:13] Phone:18229852077 productid:170519
content:温馨提示：您已成功提交“体育新生代——我是小小击剑手”活动报名预约，请加客服微信号：dahai18570641431，及时了解活动成行动态。0731-8555817
return:1,201705271346143492

[2017-05-27 13:46:20] Phone:18229852077 productid:170519
content:温馨提示：您已成功提交“体育新生代——我是小小击剑手”活动报名预约，请加客服微信号：dahai18570641431，及时了解活动成行动态。0731-8555817
return:1,201705271346221233

[2017-05-27 13:47:16] Phone:18229852077 productid:170519
content:温馨提示：您已成功提交“神笔马良——亲子３Ｄ打印笔体验营”活动报名预约，请加客服微信号：dahai18570641431，及时了解活动成行动态。0731-8555817
return:1,201705271347184953

[2017-05-27 13:47:23] Phone:18229852077 productid:170519
content:温馨提示：您已成功提交“神笔马良——亲子３Ｄ打印笔体验营”活动报名预约，请加客服微信号：dahai18570641431，及时了解活动成行动态。0731-8555817
return:1,201705271347255221

[2017-05-27 13:47:45] Phone:18229852077 productid:170519
content:温馨提示：您已成功提交“神笔马良——亲子３Ｄ打印笔体验营”活动报名预约，请加客服微信号：dahai18570641431，及时了解活动成行动态。0731-8555817
return:1,201705271347466816

[2017-05-27 17:15:35] Phone:15821226135 productid:676767
content:您的短信验证码是：936663，请勿将验证码提供给他人，有效期30分钟。
return:1,201705271715371467

[2017-05-27 17:16:54] Phone:15821226138 productid:676767
content:您的短信验证码是：210028，请勿将验证码提供给他人，有效期30分钟。
return:1,201705271716558892

[2017-05-27 18:09:23] Phone:18390906269 productid:170519
content:温馨提示：您已成功提交“开心农场——感受亲子蔬菜种植采摘乐趣”活动报名预约，请加客服微信号：dahai18570641431，及时了解活动成行动态。0731-8555817
return:1,201705271809253046

[2017-05-27 18:10:41] Phone:18390906269 productid:170519
content:您已取消『疯狂的石头——亲子手绘石头画』活动报名，活动次数将返还至您卡内。欢迎选择其他精彩好玩的亲子体验！
return:1,201705271810427612

[2017-05-27 18:11:48] Phone:18390906269 productid:170519
content:温馨提示：您已成功提交“开心农场——感受亲子蔬菜种植采摘乐趣”活动报名预约，请加客服微信号：dahai18570641431，及时了解活动成行动态。0731-8555817
return:1,201705271811500953

[2017-05-27 18:16:01] Phone:18390906269 productid:170519
content:您已取消『开心农场——感受亲子蔬菜种植采摘乐趣』活动报名，活动次数将返还至您卡内。欢迎选择其他精彩好玩的亲子体验！
return:1,201705271816033485

[2017-05-27 18:16:13] Phone:18390906269 productid:170519
content:您已取消『开心农场——感受亲子蔬菜种植采摘乐趣』活动报名，活动次数将返还至您卡内。欢迎选择其他精彩好玩的亲子体验！
return:1,201705271816147565

[2017-05-27 22:20:46] Phone:18390906269 productid:170519
content:温馨提示：您已成功提交“开心农场——感受亲子蔬菜种植采摘乐趣”活动报名预约，请加客服微信号：dahai18570641431，及时了解活动成行动态。0731-8555817
return:1,201705272220488086

[2017-05-29 09:17:45] Phone:18008439720 productid:170519
content:温馨提示：您已成功提交“开心农场——感受亲子蔬菜种植采摘乐趣”活动报名预约，请加客服微信号：dahai18570641431，及时了解活动成行动态。0731-85555817
return:1,201705290917488158

[2017-05-29 09:18:01] Phone:13973285285 productid:170519
content:温馨提示：您已成功提交“开心农场——感受亲子蔬菜种植采摘乐趣”活动报名预约，请加客服微信号：dahai18570641431，及时了解活动成行动态。0731-8555817
return:1,201705290918039982

[2017-05-31 09:58:35] Phone:18570341431 productid:170519
content:您已取消『小小飞行员——亲子滑翔机DIY』活动报名，活动次数将返还至您卡内。欢迎选择其他精彩好玩的亲子体验！
return:1,201705310958378881

[2017-05-31 09:58:49] Phone:18570341431 productid:170519
content:您已取消『空中芭蕾——蹦床运动体验』活动报名，活动次数将返还至您卡内。欢迎选择其他精彩好玩的亲子体验！
return:1,201705310958518193

[2017-05-31 09:59:28] Phone:18570341431 productid:170519
content:您已取消『星空之夜——月亮湾星空露营亲子游』活动报名，活动次数将返还至您卡内。欢迎选择其他精彩好玩的亲子体验！
return:1,201705310959306638

[2017-05-31 15:15:45] Phone:18229852077 productid:676767
content:您的短信验证码是：814001，请勿将验证码提供给他人，有效期30分钟。
return:1,201705311515468757

[2017-05-31 15:54:26] Phone:15575805253 productid:170519
content:温馨提示：您已成功提交“时尚达人——天才设计师礼服制作亲子体验”活动报名预约，请加客服微信号：dahai18570641431，及时了解活动成行动态。0731-8555817
return:1,201705311554290189

[2017-05-31 15:54:54] Phone:15575805253 productid:170519
content:您已取消『工匠精神——未来小鲁班亲子木筷DIY制作』活动报名，活动次数将返还至您卡内。欢迎选择其他精彩好玩的亲子体验！
return:1,201705311554551763

[2017-05-31 15:55:03] Phone:15575805253 productid:170519
content:您已取消『工匠精神——未来小鲁班亲子木筷DIY制作』活动报名，活动次数将返还至您卡内。欢迎选择其他精彩好玩的亲子体验！
return:1,201705311555047151

[2017-05-31 15:55:12] Phone:15575805253 productid:170519
content:您已取消『神笔马良——亲子３Ｄ打印笔体验营』活动报名，活动次数将返还至您卡内。欢迎选择其他精彩好玩的亲子体验！
return:1,201705311555137483

[2017-05-31 15:55:24] Phone:15575805253 productid:170519
content:您已取消『时尚达人——天才设计师礼服制作亲子体验』活动报名，活动次数将返还至您卡内。欢迎选择其他精彩好玩的亲子体验！
return:1,201705311555256781

[2017-05-31 16:22:24] Phone:15000926589 productid:170519
content:温馨提示：您已成功提交“时尚达人——天才设计师礼服制作亲子体验”活动报名预约，请加客服微信号：dahai18570641431，及时了解活动成行动态。0731-8555817
return:

[2017-05-31 16:22:32] Phone:15000926589 productid:676767
content:您的短信验证码是：518222，请勿将验证码提供给他人，有效期30分钟。
return:1,201705311622357145

[2017-05-31 16:57:51] Phone:13973285285 productid:170519
content:温馨提示：您已成功提交“时尚达人——天才设计师礼服制作亲子体验”活动报名预约，请加客服微信号：dahai18570641431，及时了解活动成行动态。0731-8555817
return:1,201705311657560452

[2017-05-31 17:06:32] Phone:13973285285 productid:170519
content:您已取消『时尚达人——天才设计师礼服制作亲子体验』活动报名，活动次数将返还至您卡内。欢迎选择其他精彩好玩的亲子体验！
return:1,201705311706338421

[2017-05-31 17:06:50] Phone:13973285285 productid:170519
content:温馨提示：您已成功提交“时尚达人——天才设计师礼服制作亲子体验”活动报名预约，请加客服微信号：dahai18570641431，及时了解活动成行动态。0731-85555817
return:1,201705311706523441

[2017-05-31 17:07:22] Phone:13973285285 productid:170519
content:您已取消『时尚达人——天才设计师礼服制作亲子体验』活动报名，活动次数将返还至您卡内。欢迎选择其他精彩好玩的亲子体验！
return:1,201705311707243469

[2017-05-31 17:07:42] Phone:13973285285 productid:170519
content:温馨提示：您已成功提交“时尚达人——天才设计师礼服制作亲子体验”活动报名预约，请加客服微信号：dahai18570641431，及时了解活动成行动态。0731-85555817
return:1,201705311707445203

[2017-05-31 17:07:51] Phone:13973285285 productid:170519
content:您已取消『时尚达人——天才设计师礼服制作亲子体验』活动报名，报名费用将原路返还至您的付款账户。欢迎选择其他精彩好玩的亲子体验！
return:1,201705311707523657

[2017-05-31 17:08:14] Phone:13973285285 productid:170519
content:温馨提示：您已成功提交“时尚达人——天才设计师礼服制作亲子体验”活动报名预约，请加客服微信号：dahai18570641431，及时了解活动成行动态。0731-8555817
return:1,201705311708166350

[2017-05-31 17:11:45] Phone:13973285285 productid:170519
content:您已取消『时尚达人——天才设计师礼服制作亲子体验』活动报名，报名费用将原路返还至您的付款账户。欢迎选择其他精彩好玩的亲子体验！
return:1,201705311711475665

[2017-05-31 17:11:58] Phone:13973285285 productid:170519
content:温馨提示：您已成功提交“时尚达人——天才设计师礼服制作亲子体验”活动报名预约，请加客服微信号：dahai18570641431，及时了解活动成行动态。0731-8555817
return:1,201705311712006895

[2017-05-31 17:19:22] Phone:18008439720 productid:170519
content:温馨提示：您已成功提交“时尚达人——天才设计师礼服制作亲子体验”活动报名预约，请加客服微信号：dahai18570641431，及时了解活动成行动态。0731-85555817
return:2

[2017-05-31 17:19:32] Phone:18008439720 productid:170519
content:温馨提示：您已成功提交“时尚达人——天才设计师礼服制作亲子体验”活动报名预约，请加客服微信号：dahai18570641431，及时了解活动成行动态。0731-85555817
return:2

[2017-05-31 17:31:51] Phone:18008439720 productid:170519
content:温馨提示：您已成功提交“时尚达人——天才设计师礼服制作亲子体验”活动报名预约，请加客服微信号：dahai18570641431，及时了解活动成行动态。0731-85555817
return:2

[2017-05-31 17:33:15] Phone:18390906269 productid:170519
content:温馨提示：您已成功提交“时尚达人——天才设计师礼服制作亲子体验”活动报名预约，请加客服微信号：dahai18570641431，及时了解活动成行动态。0731-85555817
return:2

[2017-05-31 17:33:17] Phone:15000926589 productid:676767
content:您的短信验证码是：246475，请勿将验证码提供给他人，有效期30分钟。
return:2

[2017-05-31 17:33:41] Phone:13973285285 productid:170519
content:您已取消『时尚达人——天才设计师礼服制作亲子体验』活动报名，活动次数将返还至您卡内。欢迎选择其他精彩好玩的亲子体验！
return:2

[2017-05-31 17:33:51] Phone:13973285285 productid:170519
content:温馨提示：您已成功提交“时尚达人——天才设计师礼服制作亲子体验”活动报名预约，请加客服微信号：dahai18570641431，及时了解活动成行动态。0731-8555817
return:2

[2017-05-31 17:34:34] Phone:13501868243 productid:676767
content:您的短信验证码是：779696，请勿将验证码提供给他人，有效期30分钟。
return:2

[2017-05-31 17:34:57] Phone:18390906269 productid:170519
content:您已取消『时尚达人——天才设计师礼服制作亲子体验』活动报名，活动次数将返还至您卡内。欢迎选择其他精彩好玩的亲子体验！
return:2

[2017-05-31 17:35:01] Phone:18008439720 productid:170519
content:温馨提示：您已成功提交“时尚达人——天才设计师礼服制作亲子体验”活动报名预约，请加客服微信号：dahai18570641431，及时了解活动成行动态。0731-8555817
return:2

[2017-05-31 17:35:03] Phone:13973285285 productid:170519
content:您已取消『时尚达人——天才设计师礼服制作亲子体验』活动报名，活动次数将返还至您卡内。欢迎选择其他精彩好玩的亲子体验！
return:2

[2017-05-31 17:35:15] Phone:18008439720 productid:170519
content:您已取消『时尚达人——天才设计师礼服制作亲子体验』活动报名，活动次数将返还至您卡内。欢迎选择其他精彩好玩的亲子体验！
return:2

[2017-05-31 18:04:48] Phone:15000926589 productid:676767
content:您的短信验证码是：832705，请勿将验证码提供给他人，有效期30分钟。
return:1,201705311804527575

[2017-05-31 18:05:21] Phone:15000926589 productid:170519
content:温馨提示：您已成功提交“时尚达人——天才设计师礼服制作亲子体验”活动报名预约，请加客服微信号：dahai18570641431，及时了解活动成行动态。0731-85555817
return:1,201705311805232132

[2017-05-31 18:42:37] Phone:18390906269 productid:170519
content:温馨提示：您已成功提交“时尚达人——天才设计师礼服制作亲子体验”活动报名预约，请加客服微信号：dahai18570641431，及时了解活动成行动态。0731-8555817
return:1,201705311842397785

[2017-05-31 18:44:19] Phone:18390906269 productid:170519
content:温馨提示：您已成功提交“时尚达人——天才设计师礼服制作亲子体验”活动报名预约，请加客服微信号：dahai18570641431，及时了解活动成行动态。0731-85555817
return:1,201705311844209963

[2017-05-31 23:10:04] Phone:18008439720 productid:170519
content:您已取消『时尚达人——天才设计师礼服制作亲子体验』活动报名，报名费用将原路返还至您的付款账户。欢迎选择其他精彩好玩的亲子体验！
return:1,201705312310060634

[2017-05-31 23:10:13] Phone:18008439720 productid:170519
content:您已取消『时尚达人——天才设计师礼服制作亲子体验』活动报名，活动次数将返还至您卡内。欢迎选择其他精彩好玩的亲子体验！
return:1,201705312310152633

[2017-05-31 23:10:46] Phone:18008439720 productid:170519
content:您已取消『开心农场——感受亲子蔬菜种植采摘乐趣』活动报名，活动次数将返还至您卡内。欢迎选择其他精彩好玩的亲子体验！
return:1,201705312310476478

[2017-06-01 11:37:24] Phone:18008439720 productid:170519
content:温馨提示：您已成功提交“足球小将——感受体育与科技的碰撞”活动报名预约，请加客服微信号：dahai18570641431，及时了解活动成行动态。0731-85555817
return:1,201706011137275735

[2017-06-01 18:30:47] Phone:15575805253 productid:170519
content:温馨提示：您已成功提交“足球小将——感受体育与科技的碰撞”活动报名预约，请加客服微信号：dahai18570641431，及时了解活动成行动态。0731-85555817
return:1,201706011830496632

[2017-06-02 17:26:22] Phone:18607319205 productid:170519
content:温馨提示：您已成功提交“开心农场——感受亲子蔬菜种植采摘乐趣”活动报名预约，请加客服微信号：dahai18570641431，及时了解活动成行动态。0731-8555817
return:1,201706021726253334

[2017-06-02 17:30:52] Phone:15575805253 productid:170519
content:温馨提示：您已成功提交“疯狂的石头——亲子手绘石头画”活动报名预约，请加客服微信号：dahai18570641431，及时了解活动成行动态。0731-8555817
return:1,201706021730582380

[2017-06-02 17:31:46] Phone:15575805253 productid:170519
content:温馨提示：您已成功提交“周末快乐营——复活节亲子集市”活动报名预约，请加客服微信号：dahai18570641431，及时了解活动成行动态。0731-8555817
return:1,201706021731483848

[2017-06-02 18:14:03] Phone:18607319205 productid:170519
content:温馨提示：您已成功提交“周末快乐营——复活节亲子集市”活动报名预约，请加客服微信号：dahai18570641431，及时了解活动成行动态。0731-8555817
return:1,201706021814052140

[2017-06-02 19:47:47] Phone:15575805253 productid:170519
content:温馨提示：您已成功提交“日本见学之旅”活动报名预约，请加客服微信号：dahai18570641431，及时了解活动成行动态。0731-85555817
return:1,201706021947487525

[2017-06-04 00:44:05] Phone:18008439720 productid:170519
content:温馨提示：您已成功提交“日本见学之旅”活动报名预约，请加客服微信号：dahai18570641431，及时了解活动成行动态。0731-85555817
return:1,201706040044066243

[2017-06-04 00:46:06] Phone:18008439720 productid:170519
content:温馨提示：您已成功提交“开心农场——感受亲子蔬菜种植采摘乐趣”活动报名预约，请加客服微信号：dahai18570641431，及时了解活动成行动态。0731-85555817
return:1,201706040046070283

[2017-06-04 01:02:33] Phone:18008439720 productid:170519
content:温馨提示：您已成功提交“开心农场——感受亲子蔬菜种植采摘乐趣”活动报名预约，请加客服微信号：dahai18570641431，及时了解活动成行动态。0731-85555817
return:1,201706040102353785

[2017-06-04 01:03:48] Phone:18008439720 productid:170519
content:您已取消『开心农场——感受亲子蔬菜种植采摘乐趣』活动报名，活动次数将返还至您卡内。欢迎选择其他精彩好玩的亲子体验！
return:1,201706040103494627

[2017-06-04 10:32:25] Phone:13973285285 productid:170519
content:您已取消『体育新生代——我是小小击剑手』活动报名，活动次数将返还至您卡内。欢迎选择其他精彩好玩的亲子体验！
return:1,201706041032277256

[2017-06-04 10:33:12] Phone:13973285285 productid:170519
content:温馨提示：您已提交“亲子音乐季——带娃学尤克里里”报名预约，请加客服微信号：18229850661，及时了解活动成行动态。
return:1,201706041033148121

[2017-06-04 10:33:50] Phone:13973285285 productid:170519
content:您已取消『亲子音乐季——带娃学尤克里里』活动报名，活动次数将返还至您卡内。欢迎选择其他精彩好玩的亲子体验！
return:1,201706041033516256

[2017-06-06 09:46:28] Phone:15874206819 productid:676767
content:您的短信验证码是：649069，请勿将验证码提供给他人，有效期30分钟。
return:1,201706060946328567

[2017-06-07 14:48:49] Phone:15575805253 productid:170519
content:温馨提示：您已提交“开心农场——感受亲子蔬菜种植采摘乐趣”报名预约，请加客服微信号：18229850661，及时了解活动成行动态。
return:1,201706071448511808

[2017-06-07 14:48:54] Phone:15575805253 productid:170519
content:温馨提示：您已提交“开心农场——感受亲子蔬菜种植采摘乐趣”报名预约，请加客服微信号：18229850661，及时了解活动成行动态。
return:1,201706071448552693

[2017-06-07 15:30:22] Phone:13973285285 productid:170519
content:温馨提示：您已提交“开心农场——感受亲子蔬菜种植采摘乐趣”报名预约，请加客服微信号：18229850661，及时了解活动成行动态。
return:1,201706071530241494

[2017-06-07 16:06:08] Phone:13973285285 productid:170519
content:您已取消『开心农场——感受亲子蔬菜种植采摘乐趣』活动报名，活动次数将返还至您卡内。欢迎选择其他精彩好玩的亲子体验！
return:1,201706071606097404

[2017-06-07 16:06:37] Phone:13973285285 productid:170519
content:温馨提示：您已提交“开心农场——感受亲子蔬菜种植采摘乐趣”报名预约，请加客服微信号：18229850661，及时了解活动成行动态。
return:1,201706071606397146

[2017-06-07 16:07:51] Phone:13973285285 productid:170519
content:您已取消『开心农场——感受亲子蔬菜种植采摘乐趣』活动报名，报名费用将原路返还至您的付款账户。欢迎选择其他精彩好玩的亲子体验！
return:1,201706071607521383

[2017-06-07 16:09:31] Phone:13973285285 productid:170519
content:温馨提示：您已提交“开心农场——感受亲子蔬菜种植采摘乐趣”报名预约，请加客服微信号：18229850661，及时了解活动成行动态。
return:1,201706071609336331

[2017-06-07 16:10:00] Phone:13973285285 productid:170519
content:您已取消『开心农场——感受亲子蔬菜种植采摘乐趣』活动报名，报名费用将原路返还至您的付款账户。欢迎选择其他精彩好玩的亲子体验！
return:1,201706071610026334

[2017-06-07 16:10:33] Phone:13973285285 productid:170519
content:温馨提示：您已提交“开心农场——感受亲子蔬菜种植采摘乐趣”报名预约，请加客服微信号：18229850661，及时了解活动成行动态。
return:1,201706071610342547

[2017-06-07 16:17:31] Phone:13973285285 productid:170519
content:您已取消『开心农场——感受亲子蔬菜种植采摘乐趣』活动报名，报名费用将原路返还至您的付款账户。欢迎选择其他精彩好玩的亲子体验！
return:1,201706071617335631

[2017-06-07 16:17:48] Phone:13973285285 productid:170519
content:温馨提示：您已提交“开心农场——感受亲子蔬菜种植采摘乐趣”报名预约，请加客服微信号：18229850661，及时了解活动成行动态。
return:1,201706071617493693

[2017-06-07 16:19:17] Phone:13973285285 productid:170519
content:您已取消『开心农场——感受亲子蔬菜种植采摘乐趣』活动报名，报名费用将原路返还至您的付款账户。欢迎选择其他精彩好玩的亲子体验！
return:1,201706071619188663

[2017-06-07 16:19:42] Phone:13973285285 productid:170519
content:温馨提示：您已提交“开心农场——感受亲子蔬菜种植采摘乐趣”报名预约，请加客服微信号：18229850661，及时了解活动成行动态。
return:1,201706071619436168

[2017-06-08 21:18:40] Phone:18975124749 productid:676767
content:您的短信验证码是：585623，请勿将验证码提供给他人，有效期30分钟。
return:1,201706082118412367

[2017-06-09 06:40:04] Phone:18974983998 productid:676767
content:您的短信验证码是：156744，请勿将验证码提供给他人，有效期30分钟。
return:1,201706090640066128

[2017-06-09 06:40:31] Phone:18974983998 productid:170519
content:温馨提示：您已提交“开心农场——感受亲子蔬菜种植采摘乐趣”报名预约，请加客服微信号：18229850661，及时了解活动成行动态。
return:1,201706090640339355

[2017-06-09 14:27:54] Phone:13054195068 productid:676767
content:您的短信验证码是：930319，请勿将验证码提供给他人，有效期30分钟。
return:1,201706091427562266

[2017-06-09 14:28:34] Phone:13054195068 productid:170519
content:温馨提示：您已提交“开心农场——感受亲子蔬菜种植采摘乐趣”报名预约，请加客服微信号：18229850661，及时了解活动成行动态。
return:1,201706091428367301

[2017-06-09 20:47:23] Phone:13142191992 productid:676767
content:您的短信验证码是：772967，请勿将验证码提供给他人，有效期30分钟。
return:1,201706092047241143

[2017-06-09 20:47:56] Phone:13142191992 productid:170519
content:温馨提示：您已提交“开心农场——感受亲子蔬菜种植采摘乐趣”报名预约，请加客服微信号：18229850661，及时了解活动成行动态。
return:1,201706092047582382

[2017-06-09 21:23:43] Phone:18874235868 productid:676767
content:您的短信验证码是：415527，请勿将验证码提供给他人，有效期30分钟。
return:1,201706092123460550

[2017-06-09 21:24:32] Phone:18874135868 productid:676767
content:您的短信验证码是：957922，请勿将验证码提供给他人，有效期30分钟。
return:1,201706092124338618

[2017-06-09 21:24:54] Phone:18874135868 productid:170519
content:温馨提示：您已提交“开心农场——感受亲子蔬菜种植采摘乐趣”报名预约，请加客服微信号：18229850661，及时了解活动成行动态。
return:1,201706092124560874

[2017-06-10 13:24:53] Phone:18975167519 productid:676767
content:您的短信验证码是：808151，请勿将验证码提供给他人，有效期30分钟。
return:1,201706101324549644

[2017-06-10 13:26:27] Phone:18975167519 productid:170519
content:温馨提示：您已提交“开心农场——感受亲子蔬菜种植采摘乐趣”报名预约，请加客服微信号：18229850661，及时了解活动成行动态。
return:1,201706101326297921

[2017-06-10 18:39:10] Phone:13142191992 productid:170519
content:您已取消『开心农场——感受亲子蔬菜种植采摘乐趣』活动报名，报名费用将原路返还至您的付款账户。欢迎选择其他精彩好玩的亲子体验！
return:1,201706101839122658

[2017-06-14 11:43:08] Phone:15575805253 productid:170519
content:您已取消『开心农场——感受亲子蔬菜种植采摘乐趣』活动报名，报名费用将原路返还至您的付款账户。欢迎选择其他精彩好玩的亲子体验！
return:1,201706141143108505

[2017-06-14 11:58:08] Phone:18008439720 productid:170519
content:您已取消『开心农场——感受亲子蔬菜种植采摘乐趣』活动报名，活动次数将返还至您卡内。欢迎选择其他精彩好玩的亲子体验！
return:1,201706141158095781

[2017-06-15 09:37:34] Phone:13707484493 productid:676767
content:您的短信验证码是：464553，请勿将验证码提供给他人，有效期30分钟。
return:1,201706150937367737

[2017-06-15 09:38:06] Phone:13707484493 productid:170519
content:温馨提示：您已提交“开心农场——感受亲子蔬菜种植采摘乐趣”报名预约，请加客服微信号：18229850661，及时了解活动成行动态。
return:1,201706150938098751

[2017-06-15 13:06:15] Phone:18229967762 productid:676767
content:您的短信验证码是：487020，请勿将验证码提供给他人，有效期30分钟。
return:1,201706151306184521

[2017-06-15 13:06:51] Phone:18229967762 productid:170519
content:温馨提示：您已提交“开心农场——感受亲子蔬菜种植采摘乐趣”报名预约，请加客服微信号：18229850661，及时了解活动成行动态。
return:1,201706151306533057

[2017-06-15 13:07:57] Phone:18229967762 productid:170519
content:您已取消『开心农场——感受亲子蔬菜种植采摘乐趣』活动报名，活动次数将返还至您卡内。欢迎选择其他精彩好玩的亲子体验！
return:1,201706151307597337

[2017-06-15 18:19:07] Phone:15575805253 productid:170519
content:您已取消『【夏令营】日本见学之旅』活动报名，活动次数将返还至您卡内。欢迎选择其他精彩好玩的亲子体验！
return:1,201706151819101363

[2017-06-17 18:53:40] Phone:18711066715 productid:676767
content:您的短信验证码是：895217，请勿将验证码提供给他人，有效期30分钟。
return:1,201706171853425335

[2017-06-17 18:59:06] Phone:18974983998 productid:170519
content:温馨提示：您已提交“开心农场——感受亲子蔬菜种植采摘乐趣”报名预约，请加客服微信号：18229850661，及时了解活动成行动态。
return:1,201706171859092383

[2017-06-26 16:35:31] Phone:15210750411 productid:676767
content:您的短信验证码是：242959，请勿将验证码提供给他人，有效期30分钟。
return:1,201706261635340273

[2017-07-11 08:08:05] Phone:17708445721 productid:676767
content:您的短信验证码是：242794，请勿将验证码提供给他人，有效期30分钟。
return:1,201707110808086172

[2017-07-11 21:52:07] Phone:18684701088 productid:676767
content:您的短信验证码是：915240，请勿将验证码提供给他人，有效期30分钟。
return:1,201707112152105457

[2017-07-20 10:00:27] Phone:18942561934 productid:676767
content:您的短信验证码是：189730，请勿将验证码提供给他人，有效期30分钟。
return:1,201707201000293273

[2017-07-20 10:16:54] Phone:18674887576 productid:676767
content:您的短信验证码是：443350，请勿将验证码提供给他人，有效期30分钟。
return:1,201707201016576574

[2017-07-20 10:17:13] Phone:18674887576 productid:170519
content:温馨提示：您已提交“【儿童水上安全教育课堂1】——亲子水上皮划艇”报名预约，请加客服微信号：18229850661，及时了解活动成行动态。
return:1,201707201017166118

[2017-07-20 21:00:15] Phone:15367833250 productid:676767
content:您的短信验证码是：431704，请勿将验证码提供给他人，有效期30分钟。
return:1,201707202100177171

[2017-07-20 21:06:43] Phone:15367833250 productid:170519
content:温馨提示：您已提交“【儿童水上安全教育课堂1】——亲子水上皮划艇”报名预约，请加客服微信号：18229850661，及时了解活动成行动态。
return:1,201707202106463133

